mode: count
github.com/aofiee/barroth/config/config.go:42.57,50.16 6 2
github.com/aofiee/barroth/config/config.go:54.2,55.8 2 1
github.com/aofiee/barroth/config/config.go:50.16,52.3 1 1
github.com/aofiee/barroth/databases/database.go:19.56,23.2 1 1
github.com/aofiee/barroth/databases/database.go:25.43,28.2 2 1
github.com/aofiee/barroth/databases/queue.go:12.51,15.2 2 1
github.com/aofiee/barroth/databases/queue.go:16.59,19.2 2 0
github.com/aofiee/barroth/helpers/msg_helper.go:16.73,17.16 1 1
github.com/aofiee/barroth/helpers/msg_helper.go:23.2,23.12 1 1
github.com/aofiee/barroth/helpers/msg_helper.go:17.16,22.3 1 1
github.com/aofiee/barroth/helpers/msg_helper.go:25.53,29.16 4 1
github.com/aofiee/barroth/helpers/msg_helper.go:38.2,38.13 1 1
github.com/aofiee/barroth/helpers/msg_helper.go:29.16,30.56 1 1
github.com/aofiee/barroth/helpers/msg_helper.go:30.56,36.4 5 2
github.com/aofiee/barroth/models/user_model.go:22.40,24.2 1 1
github.com/aofiee/barroth/models/user_model.go:25.36,27.2 1 1
github.com/aofiee/barroth/models/module_model.go:20.38,22.2 1 1
github.com/aofiee/barroth/models/permission_model.go:12.42,14.2 1 1
github.com/aofiee/barroth/models/role_model.go:13.40,15.2 1 1
github.com/aofiee/barroth/models/system_model.go:24.37,26.2 1 1
github.com/aofiee/barroth/cmd/main.go:18.13,20.16 2 0
github.com/aofiee/barroth/cmd/main.go:23.2,25.16 3 0
github.com/aofiee/barroth/cmd/main.go:28.2,35.16 6 0
github.com/aofiee/barroth/cmd/main.go:20.16,22.3 1 0
github.com/aofiee/barroth/cmd/main.go:25.16,27.3 1 0
github.com/aofiee/barroth/cmd/main.go:35.16,36.13 1 0
github.com/aofiee/barroth/cmd/main.go:39.55,44.2 1 2
github.com/aofiee/barroth/cmd/main.go:45.63,50.2 1 0
github.com/aofiee/barroth/cmd/main.go:51.77,55.16 3 3
github.com/aofiee/barroth/cmd/main.go:59.2,62.63 4 3
github.com/aofiee/barroth/cmd/main.go:55.16,57.3 1 0
github.com/aofiee/barroth/cmd/main.go:65.58,78.16 4 1
github.com/aofiee/barroth/cmd/main.go:81.2,82.12 2 1
github.com/aofiee/barroth/cmd/main.go:78.16,80.3 1 0
github.com/aofiee/barroth/routes/permissions_route.go:19.75,23.2 1 1
github.com/aofiee/barroth/routes/permissions_route.go:24.53,39.2 7 1
github.com/aofiee/barroth/routes/role_route.go:25.62,29.2 1 2
github.com/aofiee/barroth/routes/role_route.go:30.46,83.2 13 2
github.com/aofiee/barroth/routes/route.go:8.33,31.2 16 1
github.com/aofiee/barroth/routes/user_route.go:24.62,28.2 1 1
github.com/aofiee/barroth/routes/user_route.go:29.46,89.2 14 1
github.com/aofiee/barroth/routes/authentication_route.go:19.82,23.2 1 1
github.com/aofiee/barroth/routes/authentication_route.go:24.56,53.2 9 1
github.com/aofiee/barroth/routes/forgotpassword_route.go:19.81,23.2 1 1
github.com/aofiee/barroth/routes/forgotpassword_route.go:24.55,39.2 7 1
github.com/aofiee/barroth/routes/installation_route.go:29.78,33.2 1 2
github.com/aofiee/barroth/routes/installation_route.go:35.49,49.40 6 2
github.com/aofiee/barroth/routes/installation_route.go:52.2,52.12 1 2
github.com/aofiee/barroth/routes/installation_route.go:49.40,51.3 1 0
github.com/aofiee/barroth/routes/installation_route.go:55.54,75.2 10 2
github.com/aofiee/barroth/routes/module_route.go:19.66,23.2 1 1
github.com/aofiee/barroth/routes/module_route.go:24.48,48.2 9 1
github.com/aofiee/barroth/deliveries/user_delivery.go:47.93,50.27 3 28
github.com/aofiee/barroth/deliveries/user_delivery.go:62.2,64.3 1 28
github.com/aofiee/barroth/deliveries/user_delivery.go:50.27,58.17 3 28
github.com/aofiee/barroth/deliveries/user_delivery.go:58.17,60.4 1 28
github.com/aofiee/barroth/deliveries/user_delivery.go:66.51,69.16 3 5
github.com/aofiee/barroth/deliveries/user_delivery.go:72.2,73.26 2 4
github.com/aofiee/barroth/deliveries/user_delivery.go:79.2,86.16 3 3
github.com/aofiee/barroth/deliveries/user_delivery.go:89.2,94.16 3 2
github.com/aofiee/barroth/deliveries/user_delivery.go:97.2,100.4 1 1
github.com/aofiee/barroth/deliveries/user_delivery.go:69.16,71.3 1 1
github.com/aofiee/barroth/deliveries/user_delivery.go:73.26,78.3 1 1
github.com/aofiee/barroth/deliveries/user_delivery.go:86.16,88.3 1 1
github.com/aofiee/barroth/deliveries/user_delivery.go:94.16,96.3 1 1
github.com/aofiee/barroth/deliveries/user_delivery.go:102.54,106.16 4 6
github.com/aofiee/barroth/deliveries/user_delivery.go:109.2,110.26 2 5
github.com/aofiee/barroth/deliveries/user_delivery.go:116.2,123.16 3 4
github.com/aofiee/barroth/deliveries/user_delivery.go:126.2,127.16 2 3
github.com/aofiee/barroth/deliveries/user_delivery.go:130.2,135.16 3 2
github.com/aofiee/barroth/deliveries/user_delivery.go:138.2,141.4 1 1
github.com/aofiee/barroth/deliveries/user_delivery.go:106.16,108.3 1 1
github.com/aofiee/barroth/deliveries/user_delivery.go:110.26,115.3 1 1
github.com/aofiee/barroth/deliveries/user_delivery.go:123.16,125.3 1 1
github.com/aofiee/barroth/deliveries/user_delivery.go:127.16,129.3 1 1
github.com/aofiee/barroth/deliveries/user_delivery.go:135.16,137.3 1 1
github.com/aofiee/barroth/deliveries/user_delivery.go:143.51,145.19 2 3
github.com/aofiee/barroth/deliveries/user_delivery.go:150.2,152.16 3 3
github.com/aofiee/barroth/deliveries/user_delivery.go:155.2,159.4 1 2
github.com/aofiee/barroth/deliveries/user_delivery.go:145.19,149.3 3 1
github.com/aofiee/barroth/deliveries/user_delivery.go:152.16,154.3 1 1
github.com/aofiee/barroth/deliveries/user_delivery.go:161.54,165.16 4 2
github.com/aofiee/barroth/deliveries/user_delivery.go:168.2,171.4 1 1
github.com/aofiee/barroth/deliveries/user_delivery.go:165.16,167.3 1 1
github.com/aofiee/barroth/deliveries/user_delivery.go:173.64,176.42 3 4
github.com/aofiee/barroth/deliveries/user_delivery.go:179.2,180.16 2 4
github.com/aofiee/barroth/deliveries/user_delivery.go:183.2,184.26 2 3
github.com/aofiee/barroth/deliveries/user_delivery.go:190.2,191.16 2 2
github.com/aofiee/barroth/deliveries/user_delivery.go:194.2,197.4 1 1
github.com/aofiee/barroth/deliveries/user_delivery.go:176.42,178.3 1 4
github.com/aofiee/barroth/deliveries/user_delivery.go:180.16,182.3 1 1
github.com/aofiee/barroth/deliveries/user_delivery.go:184.26,189.3 1 1
github.com/aofiee/barroth/deliveries/user_delivery.go:191.16,193.3 1 1
github.com/aofiee/barroth/deliveries/user_delivery.go:199.112,200.19 1 3
github.com/aofiee/barroth/deliveries/user_delivery.go:203.2,203.16 1 3
github.com/aofiee/barroth/deliveries/user_delivery.go:206.2,206.17 1 3
github.com/aofiee/barroth/deliveries/user_delivery.go:209.2,209.16 1 3
github.com/aofiee/barroth/deliveries/user_delivery.go:212.2,212.17 1 3
github.com/aofiee/barroth/deliveries/user_delivery.go:215.2,215.17 1 3
github.com/aofiee/barroth/deliveries/user_delivery.go:218.2,225.14 8 3
github.com/aofiee/barroth/deliveries/user_delivery.go:200.19,202.3 1 3
github.com/aofiee/barroth/deliveries/user_delivery.go:203.16,205.3 1 3
github.com/aofiee/barroth/deliveries/user_delivery.go:206.17,208.3 1 3
github.com/aofiee/barroth/deliveries/user_delivery.go:209.16,211.3 1 2
github.com/aofiee/barroth/deliveries/user_delivery.go:212.17,214.3 1 3
github.com/aofiee/barroth/deliveries/user_delivery.go:215.17,217.3 1 3
github.com/aofiee/barroth/deliveries/user_delivery.go:227.55,236.26 9 3
github.com/aofiee/barroth/deliveries/user_delivery.go:242.2,244.16 3 2
github.com/aofiee/barroth/deliveries/user_delivery.go:247.2,253.4 1 1
github.com/aofiee/barroth/deliveries/user_delivery.go:236.26,241.3 1 1
github.com/aofiee/barroth/deliveries/user_delivery.go:244.16,246.3 1 1
github.com/aofiee/barroth/deliveries/user_delivery.go:255.56,258.16 3 4
github.com/aofiee/barroth/deliveries/user_delivery.go:261.2,262.26 2 3
github.com/aofiee/barroth/deliveries/user_delivery.go:268.2,269.16 2 2
github.com/aofiee/barroth/deliveries/user_delivery.go:272.2,275.4 1 1
github.com/aofiee/barroth/deliveries/user_delivery.go:258.16,260.3 1 1
github.com/aofiee/barroth/deliveries/user_delivery.go:262.26,267.3 1 1
github.com/aofiee/barroth/deliveries/user_delivery.go:269.16,271.3 1 1
github.com/aofiee/barroth/deliveries/authentication_delivery.go:30.115,33.27 3 25
github.com/aofiee/barroth/deliveries/authentication_delivery.go:45.2,47.3 1 25
github.com/aofiee/barroth/deliveries/authentication_delivery.go:33.27,41.17 3 25
github.com/aofiee/barroth/deliveries/authentication_delivery.go:41.17,43.4 1 25
github.com/aofiee/barroth/deliveries/authentication_delivery.go:50.90,54.2 1 1
github.com/aofiee/barroth/deliveries/authentication_delivery.go:56.59,59.16 3 8
github.com/aofiee/barroth/deliveries/authentication_delivery.go:62.2,63.26 2 7
github.com/aofiee/barroth/deliveries/authentication_delivery.go:69.2,71.16 3 6
github.com/aofiee/barroth/deliveries/authentication_delivery.go:74.2,75.16 2 5
github.com/aofiee/barroth/deliveries/authentication_delivery.go:78.2,79.16 2 4
github.com/aofiee/barroth/deliveries/authentication_delivery.go:82.2,83.16 2 3
github.com/aofiee/barroth/deliveries/authentication_delivery.go:86.2,87.16 2 2
github.com/aofiee/barroth/deliveries/authentication_delivery.go:90.2,94.4 1 1
github.com/aofiee/barroth/deliveries/authentication_delivery.go:59.16,61.3 1 1
github.com/aofiee/barroth/deliveries/authentication_delivery.go:63.26,68.3 1 1
github.com/aofiee/barroth/deliveries/authentication_delivery.go:71.16,73.3 1 1
github.com/aofiee/barroth/deliveries/authentication_delivery.go:75.16,77.3 1 1
github.com/aofiee/barroth/deliveries/authentication_delivery.go:79.16,81.3 1 1
github.com/aofiee/barroth/deliveries/authentication_delivery.go:83.16,85.3 1 1
github.com/aofiee/barroth/deliveries/authentication_delivery.go:87.16,89.3 1 1
github.com/aofiee/barroth/deliveries/authentication_delivery.go:96.60,101.16 5 3
github.com/aofiee/barroth/deliveries/authentication_delivery.go:104.2,107.4 1 2
github.com/aofiee/barroth/deliveries/authentication_delivery.go:101.16,103.3 1 1
github.com/aofiee/barroth/deliveries/authentication_delivery.go:109.71,118.2 1 8
github.com/aofiee/barroth/deliveries/authentication_delivery.go:119.72,121.2 1 1
github.com/aofiee/barroth/deliveries/authentication_delivery.go:123.65,125.2 1 7
github.com/aofiee/barroth/deliveries/authentication_delivery.go:126.66,129.16 3 11
github.com/aofiee/barroth/deliveries/authentication_delivery.go:132.2,133.16 2 10
github.com/aofiee/barroth/deliveries/authentication_delivery.go:136.2,137.23 2 9
github.com/aofiee/barroth/deliveries/authentication_delivery.go:129.16,131.3 1 1
github.com/aofiee/barroth/deliveries/authentication_delivery.go:133.16,135.3 1 1
github.com/aofiee/barroth/deliveries/authentication_delivery.go:137.23,139.10 2 9
github.com/aofiee/barroth/deliveries/authentication_delivery.go:142.3,143.10 2 8
github.com/aofiee/barroth/deliveries/authentication_delivery.go:146.3,147.17 2 7
github.com/aofiee/barroth/deliveries/authentication_delivery.go:150.3,152.17 3 6
github.com/aofiee/barroth/deliveries/authentication_delivery.go:155.3,156.17 2 5
github.com/aofiee/barroth/deliveries/authentication_delivery.go:159.3,160.17 2 4
github.com/aofiee/barroth/deliveries/authentication_delivery.go:163.3,164.17 2 3
github.com/aofiee/barroth/deliveries/authentication_delivery.go:167.3,168.17 2 2
github.com/aofiee/barroth/deliveries/authentication_delivery.go:171.3,175.5 1 1
github.com/aofiee/barroth/deliveries/authentication_delivery.go:139.10,141.4 1 1
github.com/aofiee/barroth/deliveries/authentication_delivery.go:143.10,145.4 1 1
github.com/aofiee/barroth/deliveries/authentication_delivery.go:147.17,149.4 1 1
github.com/aofiee/barroth/deliveries/authentication_delivery.go:152.17,154.4 1 1
github.com/aofiee/barroth/deliveries/authentication_delivery.go:156.17,158.4 1 1
github.com/aofiee/barroth/deliveries/authentication_delivery.go:160.17,162.4 1 1
github.com/aofiee/barroth/deliveries/authentication_delivery.go:164.17,166.4 1 1
github.com/aofiee/barroth/deliveries/authentication_delivery.go:168.17,170.4 1 1
github.com/aofiee/barroth/deliveries/authentication_delivery.go:176.8,178.3 1 0
github.com/aofiee/barroth/deliveries/authentication_delivery.go:180.84,181.57 1 9
github.com/aofiee/barroth/deliveries/authentication_delivery.go:184.2,184.51 1 9
github.com/aofiee/barroth/deliveries/authentication_delivery.go:181.57,183.3 1 0
github.com/aofiee/barroth/deliveries/authentication_delivery.go:186.67,191.16 5 2
github.com/aofiee/barroth/deliveries/authentication_delivery.go:194.2,194.17 1 1
github.com/aofiee/barroth/deliveries/authentication_delivery.go:191.16,193.3 1 1
github.com/aofiee/barroth/deliveries/authentication_delivery.go:196.76,203.9 7 2
github.com/aofiee/barroth/deliveries/authentication_delivery.go:206.2,206.17 1 1
github.com/aofiee/barroth/deliveries/authentication_delivery.go:203.9,205.3 1 1
github.com/aofiee/barroth/deliveries/forgotpassword_delivery.go:34.123,37.27 3 0
github.com/aofiee/barroth/deliveries/forgotpassword_delivery.go:49.2,51.3 1 0
github.com/aofiee/barroth/deliveries/forgotpassword_delivery.go:37.27,45.17 3 0
github.com/aofiee/barroth/deliveries/forgotpassword_delivery.go:45.17,47.4 1 0
github.com/aofiee/barroth/deliveries/forgotpassword_delivery.go:53.67,56.16 3 0
github.com/aofiee/barroth/deliveries/forgotpassword_delivery.go:59.2,60.16 2 0
github.com/aofiee/barroth/deliveries/forgotpassword_delivery.go:63.2,74.49 9 0
github.com/aofiee/barroth/deliveries/forgotpassword_delivery.go:77.2,83.16 6 0
github.com/aofiee/barroth/deliveries/forgotpassword_delivery.go:86.2,91.4 1 0
github.com/aofiee/barroth/deliveries/forgotpassword_delivery.go:56.16,58.3 1 0
github.com/aofiee/barroth/deliveries/forgotpassword_delivery.go:60.16,62.3 1 0
github.com/aofiee/barroth/deliveries/forgotpassword_delivery.go:74.49,76.3 1 0
github.com/aofiee/barroth/deliveries/forgotpassword_delivery.go:83.16,85.3 1 0
github.com/aofiee/barroth/deliveries/module_delivery.go:36.99,39.27 3 8
github.com/aofiee/barroth/deliveries/module_delivery.go:51.2,53.3 1 8
github.com/aofiee/barroth/deliveries/module_delivery.go:39.27,47.17 3 8
github.com/aofiee/barroth/deliveries/module_delivery.go:47.17,49.4 1 8
github.com/aofiee/barroth/deliveries/module_delivery.go:55.116,56.19 1 3
github.com/aofiee/barroth/deliveries/module_delivery.go:59.2,59.16 1 3
github.com/aofiee/barroth/deliveries/module_delivery.go:62.2,62.17 1 3
github.com/aofiee/barroth/deliveries/module_delivery.go:65.2,65.16 1 3
github.com/aofiee/barroth/deliveries/module_delivery.go:68.2,68.17 1 3
github.com/aofiee/barroth/deliveries/module_delivery.go:71.2,71.17 1 3
github.com/aofiee/barroth/deliveries/module_delivery.go:74.2,81.14 8 3
github.com/aofiee/barroth/deliveries/module_delivery.go:56.19,58.3 1 3
github.com/aofiee/barroth/deliveries/module_delivery.go:59.16,61.3 1 3
github.com/aofiee/barroth/deliveries/module_delivery.go:62.17,64.3 1 3
github.com/aofiee/barroth/deliveries/module_delivery.go:65.16,67.3 1 2
github.com/aofiee/barroth/deliveries/module_delivery.go:68.17,70.3 1 3
github.com/aofiee/barroth/deliveries/module_delivery.go:71.17,73.3 1 3
github.com/aofiee/barroth/deliveries/module_delivery.go:83.59,92.26 9 3
github.com/aofiee/barroth/deliveries/module_delivery.go:98.2,100.16 3 2
github.com/aofiee/barroth/deliveries/module_delivery.go:103.2,107.4 1 1
github.com/aofiee/barroth/deliveries/module_delivery.go:92.26,97.3 1 1
github.com/aofiee/barroth/deliveries/module_delivery.go:100.16,102.3 1 1
github.com/aofiee/barroth/deliveries/module_delivery.go:109.58,112.16 3 5
github.com/aofiee/barroth/deliveries/module_delivery.go:115.2,116.26 2 4
github.com/aofiee/barroth/deliveries/module_delivery.go:122.2,123.16 2 3
github.com/aofiee/barroth/deliveries/module_delivery.go:129.2,135.16 7 2
github.com/aofiee/barroth/deliveries/module_delivery.go:141.2,144.4 1 1
github.com/aofiee/barroth/deliveries/module_delivery.go:112.16,114.3 1 1
github.com/aofiee/barroth/deliveries/module_delivery.go:116.26,121.3 1 1
github.com/aofiee/barroth/deliveries/module_delivery.go:123.16,128.3 1 1
github.com/aofiee/barroth/deliveries/module_delivery.go:135.16,140.3 1 1
github.com/aofiee/barroth/deliveries/permissions_delivery.go:27.113,30.27 3 5
github.com/aofiee/barroth/deliveries/permissions_delivery.go:42.2,44.3 1 5
github.com/aofiee/barroth/deliveries/permissions_delivery.go:30.27,38.17 3 5
github.com/aofiee/barroth/deliveries/permissions_delivery.go:38.17,40.4 1 5
github.com/aofiee/barroth/deliveries/permissions_delivery.go:46.64,49.16 3 5
github.com/aofiee/barroth/deliveries/permissions_delivery.go:52.2,53.26 2 4
github.com/aofiee/barroth/deliveries/permissions_delivery.go:59.2,60.16 2 3
github.com/aofiee/barroth/deliveries/permissions_delivery.go:66.2,67.39 2 2
github.com/aofiee/barroth/deliveries/permissions_delivery.go:76.2,77.16 2 2
github.com/aofiee/barroth/deliveries/permissions_delivery.go:83.2,86.4 1 1
github.com/aofiee/barroth/deliveries/permissions_delivery.go:49.16,51.3 1 1
github.com/aofiee/barroth/deliveries/permissions_delivery.go:53.26,58.3 1 1
github.com/aofiee/barroth/deliveries/permissions_delivery.go:60.16,65.3 1 1
github.com/aofiee/barroth/deliveries/permissions_delivery.go:67.39,75.3 3 2
github.com/aofiee/barroth/deliveries/permissions_delivery.go:77.16,82.3 1 1
github.com/aofiee/barroth/deliveries/role_delivery.go:34.93,37.27 3 18
github.com/aofiee/barroth/deliveries/role_delivery.go:50.2,52.3 1 18
github.com/aofiee/barroth/deliveries/role_delivery.go:37.27,45.17 3 18
github.com/aofiee/barroth/deliveries/role_delivery.go:45.17,47.4 1 18
github.com/aofiee/barroth/deliveries/role_delivery.go:54.51,57.16 3 4
github.com/aofiee/barroth/deliveries/role_delivery.go:60.2,61.26 2 3
github.com/aofiee/barroth/deliveries/role_delivery.go:67.2,68.16 2 2
github.com/aofiee/barroth/deliveries/role_delivery.go:71.2,74.4 1 1
github.com/aofiee/barroth/deliveries/role_delivery.go:57.16,59.3 1 1
github.com/aofiee/barroth/deliveries/role_delivery.go:61.26,66.3 1 1
github.com/aofiee/barroth/deliveries/role_delivery.go:68.16,70.3 1 1
github.com/aofiee/barroth/deliveries/role_delivery.go:76.112,77.19 1 3
github.com/aofiee/barroth/deliveries/role_delivery.go:80.2,80.16 1 3
github.com/aofiee/barroth/deliveries/role_delivery.go:83.2,83.17 1 3
github.com/aofiee/barroth/deliveries/role_delivery.go:86.2,86.16 1 3
github.com/aofiee/barroth/deliveries/role_delivery.go:89.2,89.17 1 3
github.com/aofiee/barroth/deliveries/role_delivery.go:92.2,92.17 1 3
github.com/aofiee/barroth/deliveries/role_delivery.go:95.2,102.14 8 3
github.com/aofiee/barroth/deliveries/role_delivery.go:77.19,79.3 1 2
github.com/aofiee/barroth/deliveries/role_delivery.go:80.16,82.3 1 2
github.com/aofiee/barroth/deliveries/role_delivery.go:83.17,85.3 1 2
github.com/aofiee/barroth/deliveries/role_delivery.go:86.16,88.3 1 1
github.com/aofiee/barroth/deliveries/role_delivery.go:89.17,91.3 1 2
github.com/aofiee/barroth/deliveries/role_delivery.go:92.17,94.3 1 2
github.com/aofiee/barroth/deliveries/role_delivery.go:104.55,113.26 9 3
github.com/aofiee/barroth/deliveries/role_delivery.go:119.2,121.16 3 2
github.com/aofiee/barroth/deliveries/role_delivery.go:124.2,128.4 1 1
github.com/aofiee/barroth/deliveries/role_delivery.go:113.26,118.3 1 1
github.com/aofiee/barroth/deliveries/role_delivery.go:121.16,123.3 1 1
github.com/aofiee/barroth/deliveries/role_delivery.go:130.55,132.17 2 4
github.com/aofiee/barroth/deliveries/role_delivery.go:135.2,137.16 3 4
github.com/aofiee/barroth/deliveries/role_delivery.go:140.2,141.17 2 3
github.com/aofiee/barroth/deliveries/role_delivery.go:147.2,148.16 2 2
github.com/aofiee/barroth/deliveries/role_delivery.go:151.2,154.4 1 1
github.com/aofiee/barroth/deliveries/role_delivery.go:132.17,134.3 1 4
github.com/aofiee/barroth/deliveries/role_delivery.go:137.16,139.3 1 1
github.com/aofiee/barroth/deliveries/role_delivery.go:141.17,146.3 1 1
github.com/aofiee/barroth/deliveries/role_delivery.go:148.16,150.3 1 1
github.com/aofiee/barroth/deliveries/role_delivery.go:156.56,159.16 3 4
github.com/aofiee/barroth/deliveries/role_delivery.go:162.2,163.17 2 3
github.com/aofiee/barroth/deliveries/role_delivery.go:169.2,170.16 2 2
github.com/aofiee/barroth/deliveries/role_delivery.go:173.2,176.4 1 1
github.com/aofiee/barroth/deliveries/role_delivery.go:159.16,161.3 1 1
github.com/aofiee/barroth/deliveries/role_delivery.go:163.17,168.3 1 1
github.com/aofiee/barroth/deliveries/role_delivery.go:170.16,172.3 1 1
github.com/aofiee/barroth/deliveries/role_delivery.go:178.51,181.16 3 2
github.com/aofiee/barroth/deliveries/role_delivery.go:184.2,188.4 1 1
github.com/aofiee/barroth/deliveries/role_delivery.go:181.16,183.3 1 1
github.com/aofiee/barroth/deliveries/role_delivery.go:190.54,193.16 3 4
github.com/aofiee/barroth/deliveries/role_delivery.go:196.2,197.26 2 3
github.com/aofiee/barroth/deliveries/role_delivery.go:203.2,204.16 2 2
github.com/aofiee/barroth/deliveries/role_delivery.go:207.2,210.4 1 1
github.com/aofiee/barroth/deliveries/role_delivery.go:193.16,195.3 1 1
github.com/aofiee/barroth/deliveries/role_delivery.go:197.26,202.3 1 1
github.com/aofiee/barroth/deliveries/role_delivery.go:204.16,206.3 1 1
github.com/aofiee/barroth/deliveries/system_delivery.go:24.99,27.27 3 6
github.com/aofiee/barroth/deliveries/system_delivery.go:39.2,41.3 1 6
github.com/aofiee/barroth/deliveries/system_delivery.go:27.27,35.17 3 6
github.com/aofiee/barroth/deliveries/system_delivery.go:35.17,37.4 1 6
github.com/aofiee/barroth/deliveries/system_delivery.go:43.64,46.16 3 6
github.com/aofiee/barroth/deliveries/system_delivery.go:84.2,87.4 1 1
github.com/aofiee/barroth/deliveries/system_delivery.go:46.16,58.17 4 5
github.com/aofiee/barroth/deliveries/system_delivery.go:61.3,63.17 3 4
github.com/aofiee/barroth/deliveries/system_delivery.go:66.3,68.17 3 3
github.com/aofiee/barroth/deliveries/system_delivery.go:71.3,76.17 6 2
github.com/aofiee/barroth/deliveries/system_delivery.go:79.3,82.5 1 1
github.com/aofiee/barroth/deliveries/system_delivery.go:58.17,60.4 1 1
github.com/aofiee/barroth/deliveries/system_delivery.go:63.17,65.4 1 1
github.com/aofiee/barroth/deliveries/system_delivery.go:68.17,70.4 1 1
github.com/aofiee/barroth/deliveries/system_delivery.go:76.17,78.4 1 1
github.com/aofiee/barroth/usecases/role_usecase.go:14.70,18.2 1 11
github.com/aofiee/barroth/usecases/role_usecase.go:19.64,21.16 2 3
github.com/aofiee/barroth/usecases/role_usecase.go:24.2,25.16 2 2
github.com/aofiee/barroth/usecases/role_usecase.go:28.2,28.28 1 1
github.com/aofiee/barroth/usecases/role_usecase.go:31.2,31.12 1 1
github.com/aofiee/barroth/usecases/role_usecase.go:21.16,23.3 1 1
github.com/aofiee/barroth/usecases/role_usecase.go:25.16,27.3 1 1
github.com/aofiee/barroth/usecases/role_usecase.go:28.28,30.3 1 1
github.com/aofiee/barroth/usecases/role_usecase.go:33.75,36.16 3 2
github.com/aofiee/barroth/usecases/role_usecase.go:39.2,40.12 2 1
github.com/aofiee/barroth/usecases/role_usecase.go:36.16,38.3 1 1
github.com/aofiee/barroth/usecases/role_usecase.go:42.72,45.2 2 1
github.com/aofiee/barroth/usecases/role_usecase.go:46.124,49.2 2 1
github.com/aofiee/barroth/usecases/role_usecase.go:50.74,53.2 2 1
github.com/aofiee/barroth/usecases/role_usecase.go:54.61,57.2 2 1
github.com/aofiee/barroth/usecases/role_usecase.go:58.65,61.2 2 1
github.com/aofiee/barroth/usecases/role_usecase.go:62.76,65.2 2 1
github.com/aofiee/barroth/usecases/system_usecase.go:14.76,18.2 1 10
github.com/aofiee/barroth/usecases/system_usecase.go:19.67,22.2 2 1
github.com/aofiee/barroth/usecases/system_usecase.go:23.78,26.16 3 2
github.com/aofiee/barroth/usecases/system_usecase.go:29.2,30.12 2 1
github.com/aofiee/barroth/usecases/system_usecase.go:26.16,28.3 1 1
github.com/aofiee/barroth/usecases/system_usecase.go:32.75,35.2 2 1
github.com/aofiee/barroth/usecases/system_usecase.go:36.81,39.2 2 1
github.com/aofiee/barroth/usecases/system_usecase.go:40.59,42.16 2 2
github.com/aofiee/barroth/usecases/system_usecase.go:45.2,46.12 2 1
github.com/aofiee/barroth/usecases/system_usecase.go:42.16,44.3 1 1
github.com/aofiee/barroth/usecases/system_usecase.go:48.63,51.2 2 1
github.com/aofiee/barroth/usecases/system_usecase.go:52.97,54.16 2 3
github.com/aofiee/barroth/usecases/system_usecase.go:57.2,57.23 1 2
github.com/aofiee/barroth/usecases/system_usecase.go:67.2,67.12 1 1
github.com/aofiee/barroth/usecases/system_usecase.go:54.16,56.3 1 1
github.com/aofiee/barroth/usecases/system_usecase.go:57.23,63.17 6 3
github.com/aofiee/barroth/usecases/system_usecase.go:63.17,65.4 1 1
github.com/aofiee/barroth/usecases/user_usecase.go:17.70,21.2 1 13
github.com/aofiee/barroth/usecases/user_usecase.go:22.60,24.16 2 3
github.com/aofiee/barroth/usecases/user_usecase.go:27.2,28.16 2 2
github.com/aofiee/barroth/usecases/user_usecase.go:33.2,33.42 1 1
github.com/aofiee/barroth/usecases/user_usecase.go:24.16,26.3 1 1
github.com/aofiee/barroth/usecases/user_usecase.go:28.16,32.3 3 1
github.com/aofiee/barroth/usecases/user_usecase.go:35.73,38.16 3 4
github.com/aofiee/barroth/usecases/user_usecase.go:41.2,44.37 3 3
github.com/aofiee/barroth/usecases/user_usecase.go:47.2,48.16 2 2
github.com/aofiee/barroth/usecases/user_usecase.go:51.2,52.12 2 1
github.com/aofiee/barroth/usecases/user_usecase.go:38.16,40.3 1 1
github.com/aofiee/barroth/usecases/user_usecase.go:44.37,46.3 1 1
github.com/aofiee/barroth/usecases/user_usecase.go:48.16,50.3 1 1
github.com/aofiee/barroth/usecases/user_usecase.go:54.70,57.2 2 1
github.com/aofiee/barroth/usecases/user_usecase.go:58.137,61.2 2 1
github.com/aofiee/barroth/usecases/user_usecase.go:62.79,65.2 2 1
github.com/aofiee/barroth/usecases/user_usecase.go:66.66,69.2 2 1
github.com/aofiee/barroth/usecases/user_usecase.go:70.72,72.16 2 2
github.com/aofiee/barroth/usecases/user_usecase.go:76.2,77.12 2 1
github.com/aofiee/barroth/usecases/user_usecase.go:72.16,75.3 2 1
github.com/aofiee/barroth/usecases/authentication_usecase.go:26.100,30.2 1 14
github.com/aofiee/barroth/usecases/authentication_usecase.go:31.86,33.16 2 3
github.com/aofiee/barroth/usecases/authentication_usecase.go:36.2,37.9 2 2
github.com/aofiee/barroth/usecases/authentication_usecase.go:40.2,40.12 1 1
github.com/aofiee/barroth/usecases/authentication_usecase.go:33.16,35.3 1 1
github.com/aofiee/barroth/usecases/authentication_usecase.go:37.9,39.3 1 1
github.com/aofiee/barroth/usecases/authentication_usecase.go:42.90,60.16 12 2
github.com/aofiee/barroth/usecases/authentication_usecase.go:63.2,66.19 3 1
github.com/aofiee/barroth/usecases/authentication_usecase.go:60.16,62.3 1 1
github.com/aofiee/barroth/usecases/authentication_usecase.go:69.101,82.2 12 1
github.com/aofiee/barroth/usecases/authentication_usecase.go:83.102,95.2 11 1
github.com/aofiee/barroth/usecases/authentication_usecase.go:96.85,102.16 6 3
github.com/aofiee/barroth/usecases/authentication_usecase.go:105.2,106.16 2 2
github.com/aofiee/barroth/usecases/authentication_usecase.go:109.2,109.12 1 1
github.com/aofiee/barroth/usecases/authentication_usecase.go:102.16,104.3 1 1
github.com/aofiee/barroth/usecases/authentication_usecase.go:106.16,108.3 1 1
github.com/aofiee/barroth/usecases/authentication_usecase.go:111.64,114.2 2 1
github.com/aofiee/barroth/usecases/authentication_usecase.go:115.77,118.2 2 2
github.com/aofiee/barroth/usecases/authentication_usecase.go:119.85,122.2 2 1
github.com/aofiee/barroth/usecases/authentication_usecase.go:123.90,126.27 3 2
github.com/aofiee/barroth/usecases/authentication_usecase.go:135.2,135.14 1 1
github.com/aofiee/barroth/usecases/authentication_usecase.go:126.27,127.14 1 4
github.com/aofiee/barroth/usecases/authentication_usecase.go:127.14,130.10 3 2
github.com/aofiee/barroth/usecases/authentication_usecase.go:130.10,132.5 1 1
github.com/aofiee/barroth/usecases/forgotpassword_usecase.go:16.100,20.2 1 0
github.com/aofiee/barroth/usecases/forgotpassword_usecase.go:22.89,30.2 7 0
github.com/aofiee/barroth/usecases/module_usecase.go:14.76,18.2 1 11
github.com/aofiee/barroth/usecases/module_usecase.go:19.68,21.16 2 4
github.com/aofiee/barroth/usecases/module_usecase.go:24.2,25.16 2 3
github.com/aofiee/barroth/usecases/module_usecase.go:28.2,28.26 1 2
github.com/aofiee/barroth/usecases/module_usecase.go:35.2,35.12 1 2
github.com/aofiee/barroth/usecases/module_usecase.go:21.16,23.3 1 1
github.com/aofiee/barroth/usecases/module_usecase.go:25.16,27.3 1 1
github.com/aofiee/barroth/usecases/module_usecase.go:28.26,30.32 2 2
github.com/aofiee/barroth/usecases/module_usecase.go:33.3,33.52 1 2
github.com/aofiee/barroth/usecases/module_usecase.go:30.32,32.4 1 1
github.com/aofiee/barroth/usecases/module_usecase.go:37.77,40.16 3 2
github.com/aofiee/barroth/usecases/module_usecase.go:43.2,44.12 2 1
github.com/aofiee/barroth/usecases/module_usecase.go:40.16,42.3 1 1
github.com/aofiee/barroth/usecases/module_usecase.go:46.74,49.2 2 1
github.com/aofiee/barroth/usecases/module_usecase.go:50.92,53.2 2 1
github.com/aofiee/barroth/usecases/module_usecase.go:54.67,57.2 2 1
github.com/aofiee/barroth/usecases/module_usecase.go:58.78,61.2 2 1
github.com/aofiee/barroth/usecases/module_usecase.go:62.127,65.2 2 1
github.com/aofiee/barroth/usecases/permission_usecase.go:14.91,18.2 1 3
github.com/aofiee/barroth/usecases/permission_usecase.go:19.76,20.23 1 3
github.com/aofiee/barroth/usecases/permission_usecase.go:26.2,26.12 1 2
github.com/aofiee/barroth/usecases/permission_usecase.go:20.23,22.17 2 2
github.com/aofiee/barroth/usecases/permission_usecase.go:22.17,24.4 1 1
github.com/aofiee/barroth/repositories/forgotpassword_repository.go:20.103,25.2 1 0
github.com/aofiee/barroth/repositories/forgotpassword_repository.go:27.109,32.2 4 0
github.com/aofiee/barroth/repositories/module_repository.go:17.66,19.2 1 8
github.com/aofiee/barroth/repositories/module_repository.go:20.95,21.105 1 2
github.com/aofiee/barroth/repositories/module_repository.go:24.2,24.12 1 1
github.com/aofiee/barroth/repositories/module_repository.go:21.105,23.3 1 1
github.com/aofiee/barroth/repositories/module_repository.go:26.77,29.2 2 2
github.com/aofiee/barroth/repositories/module_repository.go:30.71,31.52 1 2
github.com/aofiee/barroth/repositories/module_repository.go:34.2,34.12 1 1
github.com/aofiee/barroth/repositories/module_repository.go:31.52,33.3 1 1
github.com/aofiee/barroth/repositories/module_repository.go:36.80,37.98 1 2
github.com/aofiee/barroth/repositories/module_repository.go:40.2,40.12 1 1
github.com/aofiee/barroth/repositories/module_repository.go:37.98,39.3 1 1
github.com/aofiee/barroth/repositories/module_repository.go:42.70,46.2 3 1
github.com/aofiee/barroth/repositories/module_repository.go:47.81,54.21 3 2
github.com/aofiee/barroth/repositories/module_repository.go:58.2,59.17 2 1
github.com/aofiee/barroth/repositories/module_repository.go:54.21,57.3 2 1
github.com/aofiee/barroth/repositories/module_repository.go:61.137,63.16 2 10
github.com/aofiee/barroth/repositories/module_repository.go:66.2,67.16 2 9
github.com/aofiee/barroth/repositories/module_repository.go:70.2,71.22 2 8
github.com/aofiee/barroth/repositories/module_repository.go:83.2,83.22 1 4
github.com/aofiee/barroth/repositories/module_repository.go:89.2,89.221 1 2
github.com/aofiee/barroth/repositories/module_repository.go:92.2,92.12 1 1
github.com/aofiee/barroth/repositories/module_repository.go:63.16,65.3 1 1
github.com/aofiee/barroth/repositories/module_repository.go:67.16,69.3 1 1
github.com/aofiee/barroth/repositories/module_repository.go:71.22,72.23 1 4
github.com/aofiee/barroth/repositories/module_repository.go:78.3,78.181 1 2
github.com/aofiee/barroth/repositories/module_repository.go:81.3,81.13 1 1
github.com/aofiee/barroth/repositories/module_repository.go:72.23,73.136 1 2
github.com/aofiee/barroth/repositories/module_repository.go:76.4,76.14 1 1
github.com/aofiee/barroth/repositories/module_repository.go:73.136,75.5 1 1
github.com/aofiee/barroth/repositories/module_repository.go:78.181,80.4 1 1
github.com/aofiee/barroth/repositories/module_repository.go:83.22,84.186 1 2
github.com/aofiee/barroth/repositories/module_repository.go:87.3,87.13 1 1
github.com/aofiee/barroth/repositories/module_repository.go:84.186,86.4 1 1
github.com/aofiee/barroth/repositories/module_repository.go:89.221,91.3 1 1
github.com/aofiee/barroth/repositories/permissions_repository.go:15.76,17.2 1 1
github.com/aofiee/barroth/repositories/permissions_repository.go:18.77,21.2 2 1
github.com/aofiee/barroth/repositories/role_repository.go:17.62,19.2 1 10
github.com/aofiee/barroth/repositories/role_repository.go:20.75,21.69 1 2
github.com/aofiee/barroth/repositories/role_repository.go:24.2,24.12 1 1
github.com/aofiee/barroth/repositories/role_repository.go:21.69,23.3 1 1
github.com/aofiee/barroth/repositories/role_repository.go:26.67,27.50 1 2
github.com/aofiee/barroth/repositories/role_repository.go:30.2,30.12 1 1
github.com/aofiee/barroth/repositories/role_repository.go:27.50,29.3 1 1
github.com/aofiee/barroth/repositories/role_repository.go:32.78,33.94 1 2
github.com/aofiee/barroth/repositories/role_repository.go:36.2,36.12 1 1
github.com/aofiee/barroth/repositories/role_repository.go:33.94,35.3 1 1
github.com/aofiee/barroth/repositories/role_repository.go:38.133,40.16 2 10
github.com/aofiee/barroth/repositories/role_repository.go:43.2,44.16 2 9
github.com/aofiee/barroth/repositories/role_repository.go:47.2,48.22 2 8
github.com/aofiee/barroth/repositories/role_repository.go:60.2,60.22 1 4
github.com/aofiee/barroth/repositories/role_repository.go:66.2,66.227 1 2
github.com/aofiee/barroth/repositories/role_repository.go:69.2,69.12 1 1
github.com/aofiee/barroth/repositories/role_repository.go:40.16,42.3 1 1
github.com/aofiee/barroth/repositories/role_repository.go:44.16,46.3 1 1
github.com/aofiee/barroth/repositories/role_repository.go:48.22,49.23 1 4
github.com/aofiee/barroth/repositories/role_repository.go:55.3,55.184 1 2
github.com/aofiee/barroth/repositories/role_repository.go:58.3,58.13 1 1
github.com/aofiee/barroth/repositories/role_repository.go:49.23,50.136 1 2
github.com/aofiee/barroth/repositories/role_repository.go:53.4,53.14 1 1
github.com/aofiee/barroth/repositories/role_repository.go:50.136,52.5 1 1
github.com/aofiee/barroth/repositories/role_repository.go:55.184,57.4 1 1
github.com/aofiee/barroth/repositories/role_repository.go:60.22,61.189 1 2
github.com/aofiee/barroth/repositories/role_repository.go:64.3,64.13 1 1
github.com/aofiee/barroth/repositories/role_repository.go:61.189,63.4 1 1
github.com/aofiee/barroth/repositories/role_repository.go:66.227,68.3 1 1
github.com/aofiee/barroth/repositories/role_repository.go:71.77,72.22 1 4
github.com/aofiee/barroth/repositories/role_repository.go:79.2,80.21 2 2
github.com/aofiee/barroth/repositories/role_repository.go:83.2,83.29 1 1
github.com/aofiee/barroth/repositories/role_repository.go:72.22,74.22 2 2
github.com/aofiee/barroth/repositories/role_repository.go:77.3,77.30 1 1
github.com/aofiee/barroth/repositories/role_repository.go:74.22,76.4 1 1
github.com/aofiee/barroth/repositories/role_repository.go:80.21,82.3 1 1
github.com/aofiee/barroth/repositories/role_repository.go:85.64,87.21 2 2
github.com/aofiee/barroth/repositories/role_repository.go:90.2,90.29 1 1
github.com/aofiee/barroth/repositories/role_repository.go:87.21,89.3 1 1
github.com/aofiee/barroth/repositories/role_repository.go:92.68,96.2 3 1
github.com/aofiee/barroth/repositories/role_repository.go:97.79,104.21 3 2
github.com/aofiee/barroth/repositories/role_repository.go:108.2,109.17 2 1
github.com/aofiee/barroth/repositories/role_repository.go:104.21,107.3 2 1
github.com/aofiee/barroth/repositories/system_repository.go:16.66,18.2 1 9
github.com/aofiee/barroth/repositories/system_repository.go:19.78,20.71 1 2
github.com/aofiee/barroth/repositories/system_repository.go:23.2,23.12 1 1
github.com/aofiee/barroth/repositories/system_repository.go:20.71,22.3 1 1
github.com/aofiee/barroth/repositories/system_repository.go:25.70,26.52 1 2
github.com/aofiee/barroth/repositories/system_repository.go:29.2,29.12 1 1
github.com/aofiee/barroth/repositories/system_repository.go:26.52,28.3 1 1
github.com/aofiee/barroth/repositories/system_repository.go:31.81,32.94 1 2
github.com/aofiee/barroth/repositories/system_repository.go:35.2,35.12 1 1
github.com/aofiee/barroth/repositories/system_repository.go:32.94,34.3 1 1
github.com/aofiee/barroth/repositories/system_repository.go:37.84,38.51 1 2
github.com/aofiee/barroth/repositories/system_repository.go:41.2,41.12 1 1
github.com/aofiee/barroth/repositories/system_repository.go:38.51,40.3 1 1
github.com/aofiee/barroth/repositories/system_repository.go:43.62,44.47 1 2
github.com/aofiee/barroth/repositories/system_repository.go:47.2,47.12 1 1
github.com/aofiee/barroth/repositories/system_repository.go:44.47,46.3 1 1
github.com/aofiee/barroth/repositories/system_repository.go:49.66,50.47 1 2
github.com/aofiee/barroth/repositories/system_repository.go:53.2,53.12 1 1
github.com/aofiee/barroth/repositories/system_repository.go:50.47,52.3 1 1
github.com/aofiee/barroth/repositories/system_repository.go:55.64,59.2 3 1
github.com/aofiee/barroth/repositories/system_repository.go:60.69,63.2 2 1
github.com/aofiee/barroth/repositories/system_repository.go:64.72,67.2 2 1
github.com/aofiee/barroth/repositories/user_repository.go:22.62,24.2 1 13
github.com/aofiee/barroth/repositories/user_repository.go:25.60,26.47 1 2
github.com/aofiee/barroth/repositories/user_repository.go:29.2,29.12 1 1
github.com/aofiee/barroth/repositories/user_repository.go:26.47,28.3 1 1
github.com/aofiee/barroth/repositories/user_repository.go:31.70,32.70 1 2
github.com/aofiee/barroth/repositories/user_repository.go:35.2,35.12 1 1
github.com/aofiee/barroth/repositories/user_repository.go:32.70,34.3 1 1
github.com/aofiee/barroth/repositories/user_repository.go:37.84,38.72 1 3
github.com/aofiee/barroth/repositories/user_repository.go:42.2,42.12 1 2
github.com/aofiee/barroth/repositories/user_repository.go:38.72,41.3 2 1
github.com/aofiee/barroth/repositories/user_repository.go:44.137,46.16 2 10
github.com/aofiee/barroth/repositories/user_repository.go:49.2,50.16 2 9
github.com/aofiee/barroth/repositories/user_repository.go:53.2,54.22 2 8
github.com/aofiee/barroth/repositories/user_repository.go:68.2,68.22 1 4
github.com/aofiee/barroth/repositories/user_repository.go:75.2,75.208 1 2
github.com/aofiee/barroth/repositories/user_repository.go:78.2,79.8 2 1
github.com/aofiee/barroth/repositories/user_repository.go:46.16,48.3 1 1
github.com/aofiee/barroth/repositories/user_repository.go:50.16,52.3 1 1
github.com/aofiee/barroth/repositories/user_repository.go:54.22,55.23 1 4
github.com/aofiee/barroth/repositories/user_repository.go:62.3,62.170 1 2
github.com/aofiee/barroth/repositories/user_repository.go:65.3,66.9 2 1
github.com/aofiee/barroth/repositories/user_repository.go:55.23,56.127 1 2
github.com/aofiee/barroth/repositories/user_repository.go:59.4,60.10 2 1
github.com/aofiee/barroth/repositories/user_repository.go:56.127,58.5 1 1
github.com/aofiee/barroth/repositories/user_repository.go:62.170,64.4 1 1
github.com/aofiee/barroth/repositories/user_repository.go:68.22,69.175 1 2
github.com/aofiee/barroth/repositories/user_repository.go:72.3,73.9 2 1
github.com/aofiee/barroth/repositories/user_repository.go:69.175,71.4 1 1
github.com/aofiee/barroth/repositories/user_repository.go:75.208,77.3 1 1
github.com/aofiee/barroth/repositories/user_repository.go:81.73,82.100 1 2
github.com/aofiee/barroth/repositories/user_repository.go:85.2,85.12 1 1
github.com/aofiee/barroth/repositories/user_repository.go:82.100,84.3 1 1
github.com/aofiee/barroth/repositories/user_repository.go:87.82,88.22 1 4
github.com/aofiee/barroth/repositories/user_repository.go:92.2,93.21 2 2
github.com/aofiee/barroth/repositories/user_repository.go:96.2,96.29 1 1
github.com/aofiee/barroth/repositories/user_repository.go:88.22,91.3 2 2
github.com/aofiee/barroth/repositories/user_repository.go:93.21,95.3 1 1
github.com/aofiee/barroth/repositories/user_repository.go:98.67,100.21 2 2
github.com/aofiee/barroth/repositories/user_repository.go:103.2,103.29 1 1
github.com/aofiee/barroth/repositories/user_repository.go:100.21,102.3 1 1
github.com/aofiee/barroth/repositories/user_repository.go:105.65,109.2 3 1
github.com/aofiee/barroth/repositories/user_repository.go:110.68,113.2 2 1
github.com/aofiee/barroth/repositories/user_repository.go:114.78,117.2 2 1
github.com/aofiee/barroth/repositories/user_repository.go:118.54,122.2 3 1
github.com/aofiee/barroth/repositories/authentication_repository.go:21.103,26.2 1 10
github.com/aofiee/barroth/repositories/authentication_repository.go:27.79,31.2 3 1
github.com/aofiee/barroth/repositories/authentication_repository.go:32.93,35.2 2 1
github.com/aofiee/barroth/repositories/authentication_repository.go:36.96,39.21 2 2
github.com/aofiee/barroth/repositories/authentication_repository.go:42.2,42.12 1 1
github.com/aofiee/barroth/repositories/authentication_repository.go:39.21,41.3 1 1
github.com/aofiee/barroth/repositories/authentication_repository.go:44.97,48.2 3 1
github.com/aofiee/barroth/repositories/authentication_repository.go:49.67,53.2 3 1
github.com/aofiee/barroth/repositories/authentication_repository.go:54.80,55.70 1 2
github.com/aofiee/barroth/repositories/authentication_repository.go:58.2,58.12 1 1
github.com/aofiee/barroth/repositories/authentication_repository.go:55.70,57.3 1 1
github.com/aofiee/barroth/repositories/authentication_repository.go:60.88,64.2 3 1
github.com/aofiee/barroth/repositories/authentication_repository.go:65.93,69.2 3 1
